\BOOKMARK [1][-]{section.1}{1. The intersection form and motivation}{}% 1
\BOOKMARK [2][-]{subsection.1.1}{1.1. Invariants coming from the intersection form}{section.1}% 2
\BOOKMARK [1][-]{section.2}{2. Forms and connections}{}% 3
\BOOKMARK [2][-]{subsection.2.1}{2.1. Connections on bundles}{section.2}% 4
\BOOKMARK [1][-]{section.3}{3. Spinors and Dirac operators}{}% 5
\BOOKMARK [1][-]{section.4}{4. Seiberg-Witten equations}{}% 6
\BOOKMARK [2][-]{subsection.4.1}{4.1. The equations}{section.4}% 7
\BOOKMARK [1][-]{section.5}{5. SW invariants}{}% 8
\BOOKMARK [2][-]{subsection.5.1}{5.1. Positive scalar curvature}{section.5}% 9
\BOOKMARK [2][-]{subsection.5.2}{5.2. K\344hler surfaces}{section.5}% 10
\BOOKMARK [2][-]{subsection.5.3}{5.3. General symplectic manifolds}{section.5}% 11
\BOOKMARK [1][-]{section.6}{6. Gluing and Floer homology}{}% 12
\BOOKMARK [2][-]{subsection.6.1}{6.1. Initial constructions}{section.6}% 13
\BOOKMARK [2][-]{figure.10}{6.2. Excision principle}{section.6}% 14
\BOOKMARK [1][-]{section.7}{7. Properties of monopole Floer homology}{}% 15
\BOOKMARK [2][-]{subsection.7.1}{7.1. S1-equivariant homology}{section.7}% 16
\BOOKMARK [2][-]{subsection.7.2}{7.2. Formal properties of monopole Floer homology}{section.7}% 17
\BOOKMARK [1][-]{section.8}{8. S1-equivariant Morse \(and Floer\) homology}{}% 18
\BOOKMARK [2][-]{subsection.8.1}{8.1. Usual Morse homology}{section.8}% 19
\BOOKMARK [2][-]{thmt@dummyctr.dummy.90}{8.2. Properties of \( `39`42`"613A``45`47`"603Agradf \)}{section.8}% 20
\BOOKMARK [2][-]{subsection.8.3}{8.3. Calculations}{section.8}% 21
\BOOKMARK [2][-]{subsection.8.4}{8.4. Definition of monopole Floer homology}{section.8}% 22
\BOOKMARK [1][-]{section.9}{9. Pseudo-holomorphic curves}{}% 23
\BOOKMARK [1][-]{section.10}{10. Triangulation conjecture}{}% 24
\BOOKMARK [1][-]{section*.1}{References}{}% 25
